<?xml version="1.0" encoding="UTF-8"?>
<!-- Generated by org.testng.reporters.JUnitXMLReporter -->
<testsuite ignored="0" hostname="LAPTOP-HI55A0AA" failures="0" tests="3" name="Test" time="66.311" errors="0" timestamp="2024-09-16T21:31:34 IST">
  <testcase classname="com.testNG.CrossBrowserTesting" name="edge" time="57.21"/>
  <testcase classname="com.testNG.CrossBrowserTesting" name="firefox" time="58.497"/>
  <testcase classname="com.testNG.CrossBrowserTesting" name="chrome" time="66.273"/>
</testsuite> <!-- Test -->
